<?xml version="1.0" encoding="utf-8"?><testsuites name="pytest tests"><testsuite name="pytest" errors="0" failures="0" skipped="0" tests="8" time="1.814" timestamp="2026-09-06T08:18:38.376391+00:00" hostname="agent-env-23eb583e-3710-4a54-bfa3-e74f96c06edf"><testcase classname="tests.test_report_pdf.TestRegression" name="test_login_200" time="0.688" /><testcase classname="tests.test_report_pdf.TestReportPdf" name="test_pdf_success_basic" time="0.690" /><testcase classname="tests.test_report_pdf.TestReportPdf" name="test_pdf_unauthorized" time="0.340" /><testcase classname="tests.test_report_pdf.TestRegression" name="test_me_200" time="0.463" /><testcase classname="tests.test_report_pdf.TestReportPdf" name="test_pdf_with_base64_image" time="0.207" /><testcase classname="tests.test_report_pdf.TestRegression" name="test_activation_tool_200" time="0.111" /><testcase classname="tests.test_report_pdf.TestReportPdf" name="test_pdf_unsafe_filename_sanitised" time="0.117" /><testcase classname="tests.test_report_pdf.TestReportPdf" name="test_pdf_filename_without_ext_gets_pdf" time="0.112" /></testsuite></testsuites>