<?xml version="1.0" encoding="utf-8"?><testsuites name="pytest tests"><testsuite name="pytest" errors="0" failures="0" skipped="0" tests="14" time="19.537" timestamp="2026-09-14T11:16:24.343700+00:00" hostname="agent-env-23eb583e-3710-4a54-bfa3-e74f96c06edf"><testcase classname="tests.test_iteration18_analyze_security.TestAuth" name="test_signup_returns_token_and_user" time="0.458" /><testcase classname="tests.test_iteration18_analyze_security.TestAuth" name="test_signup_duplicate_returns_409" time="0.170" /><testcase classname="tests.test_iteration18_analyze_security.TestAuth" name="test_login_success" time="0.401" /><testcase classname="tests.test_iteration18_analyze_security.TestAuth" name="test_login_wrong_password" time="0.346" /><testcase classname="tests.test_iteration18_analyze_security.TestAuth" name="test_me_returns_user" time="0.149" /><testcase classname="tests.test_iteration18_analyze_security.TestAnalyzeAuth" name="test_no_authorization_header_returns_401" time="0.148" /><testcase classname="tests.test_iteration18_analyze_security.TestAnalyzeAuth" name="test_invalid_activation_key_returns_403" time="0.120" /><testcase classname="tests.test_iteration18_analyze_security.TestAnalyzeValidation" name="test_unsupported_mime_gif" time="0.152" /><testcase classname="tests.test_iteration18_analyze_security.TestAnalyzeValidation" name="test_data_prefix_rejected" time="0.119" /><testcase classname="tests.test_iteration18_analyze_security.TestAnalyzeValidation" name="test_five_images_rejected" time="0.129" /><testcase classname="tests.test_iteration18_analyze_security.TestAnalyzeValidation" name="test_zero_images_rejected" time="0.135" /><testcase classname="tests.test_iteration18_analyze_security.TestAnalyzeValidation" name="test_non_base64_rejected" time="0.170" /><testcase classname="tests.test_iteration18_analyze_security.TestAnalyzeValidation" name="test_over_8mb_rejected" time="1.105" /><testcase classname="tests.test_iteration18_analyze_security.TestAnalyzeSuccess" name="test_valid_jwt_returns_200_with_all_keys_and_logs" time="15.776" /></testsuite></testsuites>