<?xml version="1.0" encoding="utf-8"?><testsuites name="pytest tests"><testsuite name="pytest" errors="0" failures="0" skipped="0" tests="7" time="4.048" timestamp="2026-09-06T09:27:02.773148+00:00" hostname="agent-env-23eb583e-3710-4a54-bfa3-e74f96c06edf"><testcase classname="tests.test_iteration9_device_activation.TestDeviceStatus" name="test_status_requires_auth" time="0.386" /><testcase classname="tests.test_iteration9_device_activation.TestDeviceActivate" name="test_activate_wrong_key" time="0.750" /><testcase classname="tests.test_iteration9_device_activation.TestDeviceStatus" name="test_status_unknown_device" time="0.473" /><testcase classname="tests.test_iteration9_device_activation.TestDeviceActivate" name="test_activate_correct_key_and_persistence" time="0.364" /><testcase classname="tests.test_iteration9_device_activation.TestRequestActivationNoKey" name="test_request_activation_omits_key" time="0.540" /><testcase classname="tests.test_iteration9_device_activation.TestDeviceActivate" name="test_activate_requires_auth" time="0.111" /><testcase classname="tests.test_iteration9_device_activation.TestRequestActivationNoKey" name="test_email_html_has_no_key" time="1.630" /></testsuite></testsuites>