<?xml version="1.0" encoding="utf-8"?><testsuites name="pytest tests"><testsuite name="pytest" errors="0" failures="0" skipped="0" tests="5" time="3.287" timestamp="2026-09-06T05:17:20.961783+00:00" hostname="agent-env-23eb583e-3710-4a54-bfa3-e74f96c06edf"><testcase classname="tests.test_iteration2_regression" name="test_login_regression" time="2.017" /><testcase classname="tests.test_iteration2_regression" name="test_me_regression" time="0.365" /><testcase classname="tests.test_iteration2_regression" name="test_request_activation_regression" time="0.511" /><testcase classname="tests.test_iteration2_regression" name="test_activation_tool_html_regression" time="0.070" /><testcase classname="tests.test_iteration2_regression" name="test_activation_tool_known_key_parity" time="0.001" /></testsuite></testsuites>