<?xml version="1.0" encoding="utf-8"?><testsuites name="pytest tests"><testsuite name="pytest" errors="0" failures="0" skipped="0" tests="3" time="1.142" timestamp="2026-09-06T06:23:49.568824+00:00" hostname="agent-env-23eb583e-3710-4a54-bfa3-e74f96c06edf"><testcase classname="tests.test_iteration3_regression" name="test_login_200" time="0.417" /><testcase classname="tests.test_iteration3_regression" name="test_me_200" time="0.343" /><testcase classname="tests.test_iteration3_regression" name="test_activation_tool_200" time="0.059" /></testsuite></testsuites>