<?xml version="1.0" encoding="utf-8"?><testsuites name="pytest tests"><testsuite name="pytest" errors="0" failures="0" skipped="0" tests="5" time="2.138" timestamp="2026-09-15T01:51:22.450440+00:00" hostname="agent-env-23eb583e-3710-4a54-bfa3-e74f96c06edf"><testcase classname="tests.test_iteration21_rate_limit.TestRateLimit" name="test_signup_ok" time="0.617" /><testcase classname="tests.test_iteration21_rate_limit.TestRateLimit" name="test_hits_limit_after_10_logs" time="0.166" /><testcase classname="tests.test_iteration21_rate_limit.TestRateLimit" name="test_gate_reopens_after_cleanup" time="0.173" /><testcase classname="tests.test_iteration21_rate_limit.TestRateLimit" name="test_isolation_user_b_not_limited" time="0.548" /><testcase classname="tests.test_iteration21_rate_limit.TestRateLimit" name="test_indexes_exist" time="0.001" /></testsuite></testsuites>