<?xml version="1.0" encoding="utf-8"?><testsuites name="pytest tests"><testsuite name="pytest" errors="0" failures="0" skipped="0" tests="16" time="60.548" timestamp="2026-09-08T07:24:02.455763+00:00" hostname="agent-env-23eb583e-3710-4a54-bfa3-e74f96c06edf"><testcase classname="tests.test_iteration10_analyze.TestPromptAdaptation" name="test_single_photo_wording" time="0.007" /><testcase classname="tests.test_iteration10_analyze.TestRegression" name="test_login_ok" time="0.542" /><testcase classname="tests.test_iteration10_analyze.TestPromptAdaptation" name="test_multi_photo_wording" time="0.002" /><testcase classname="tests.test_iteration10_analyze.TestPromptAdaptation" name="test_history_wording_present" time="0.001" /><testcase classname="tests.test_iteration10_analyze.TestPromptAdaptation" name="test_empty_history_falls_back" time="0.001" /><testcase classname="tests.test_iteration10_analyze.TestAnalyzeCombinations" name="test_one_image_only" time="12.849" /><testcase classname="tests.test_iteration10_analyze.TestRegression" name="test_me_ok" time="0.612" /><testcase classname="tests.test_iteration10_analyze.TestRegression" name="test_device_status_ok" time="0.161" /><testcase classname="tests.test_iteration10_analyze.TestRegression" name="test_activation_tool_ok" time="0.165" /><testcase classname="tests.test_iteration10_analyze.TestRegression" name="test_report_pdf_ok" time="1.122" /><testcase classname="tests.test_iteration10_analyze.TestAnalyzeValidation" name="test_no_auth_returns_401" time="0.225" /><testcase classname="tests.test_iteration10_analyze.TestAnalyzeValidation" name="test_zero_images_rejected" time="0.167" /><testcase classname="tests.test_iteration10_analyze.TestAnalyzeValidation" name="test_seven_images_rejected" time="0.250" /><testcase classname="tests.test_iteration10_analyze.TestAnalyzeCombinations" name="test_one_image_with_history" time="14.019" /><testcase classname="tests.test_iteration10_analyze.TestAnalyzeCombinations" name="test_multi_image_with_view_labels" time="21.550" /><testcase classname="tests.test_iteration10_analyze.TestAnalyzeCombinations" name="test_multi_image_with_history_and_view_labels" time="9.789" /></testsuite></testsuites>