<?xml version="1.0" encoding="utf-8"?><testsuites name="pytest tests"><testsuite name="pytest" errors="0" failures="0" skipped="0" tests="15" time="16.914" timestamp="2026-09-06T04:36:02.309184+00:00" hostname="agent-env-23eb583e-3710-4a54-bfa3-e74f96c06edf"><testcase classname="tests.test_derm_api.TestActivation" name="test_request_activation_no_auth" time="0.252" /><testcase classname="tests.test_derm_api.TestAuth" name="test_signup_ok" time="0.497" /><testcase classname="tests.test_derm_api.TestActivation" name="test_request_activation_ok" time="1.157" /><testcase classname="tests.test_derm_api.TestAuth" name="test_signup_duplicate_email" time="0.505" /><testcase classname="tests.test_derm_api.TestAuth" name="test_signup_invalid_email" time="0.060" /><testcase classname="tests.test_derm_api.TestAuth" name="test_signup_short_password" time="0.060" /><testcase classname="tests.test_derm_api.TestAuth" name="test_login_ok" time="0.283" /><testcase classname="tests.test_derm_api.TestAuth" name="test_login_wrong_password" time="0.283" /><testcase classname="tests.test_derm_api.TestActivation" name="test_activation_tool_html" time="0.282" /><testcase classname="tests.test_derm_api.TestAuth" name="test_me_ok" time="0.250" /><testcase classname="tests.test_derm_api.TestActivation" name="test_key_parity" time="0.000" /><testcase classname="tests.test_derm_api.TestAnalyze" name="test_analyze_no_auth" time="0.078" /><testcase classname="tests.test_derm_api.TestAnalyze" name="test_analyze_ok" time="14.806" /><testcase classname="tests.test_derm_api.TestAuth" name="test_me_invalid_token" time="0.064" /><testcase classname="tests.test_derm_api.TestAuth" name="test_me_missing_token" time="0.060" /></testsuite></testsuites>